4
;
1
12/05/2014
08:34:23
12/05/2014
10:34:23
bGOTT10M00H1vibvmlQWCGA50nTddmrTcb8pMqOtApdseKiOININVtHzFBGx67LuIr0NNAJRLxu1csZZPZXk8VqooDvMBAMC5j2IT5BKoXTfBzcsNEsQ9QxipuWoIAuV
;
2
13/07/2014
08:34:23
13/07/2014
10:34:23
XRhsRAMkZOWHW0P04P2QQqx0tLtB3GSlxblsFjmV5iQZPuJigfaSyw3EXTBVX9yLn64IWCsdy8WT6fpOOC2aZyOAGoRaJYL7ak8r58O4LH5bymta9ymfGaH0EVVlRrsp
;
3
11/09/2014
07:54:23
11/09/2014
13:34:23
IT906qeHogW4sU7iDoCsz1FopDwtoshZf4mpPiTQd06Aj7nbnPLjF3lryWMwvuhfgepOdBX1lC8i7C12ykYlTPmgcBesSpvzbuHOfy3rAFgzMULojH1MUoeqXqzLYZs6
;

